This is pdfTeX, Version 3.14159265-2.6-1.40.20 (TeX Live 2019) (preloaded format=pdflatex 2019.5.8)  12 JUN 2020 14:42
entering extended mode
 restricted \write18 enabled.
 %&-line parsing enabled.
**"Credit card approval.tex"
(./Credit card approval.tex
LaTeX2e <2018-12-01>
(/usr/local/texlive/2019/texmf-dist/tex/latex/base/article.cls
Document Class: article 2018/09/03 v1.4i Standard LaTeX document class
(/usr/local/texlive/2019/texmf-dist/tex/latex/base/size12.clo
File: size12.clo 2018/09/03 v1.4i Standard LaTeX file (size option)
)
\c@part=\count80
\c@section=\count81
\c@subsection=\count82
\c@subsubsection=\count83
\c@paragraph=\count84
\c@subparagraph=\count85
\c@figure=\count86
\c@table=\count87
\abovecaptionskip=\skip41
\belowcaptionskip=\skip42
\bibindent=\dimen102
)
(/usr/local/texlive/2019/texmf-dist/tex/latex/base/inputenc.sty
Package: inputenc 2018/08/11 v1.3c Input encoding file
\inpenc@prehook=\toks14
\inpenc@posthook=\toks15
)
(/usr/local/texlive/2019/texmf-dist/tex/latex/amsmath/amsmath.sty
Package: amsmath 2018/12/01 v2.17b AMS math features
\@mathmargin=\skip43

For additional information on amsmath, use the `?' option.
(/usr/local/texlive/2019/texmf-dist/tex/latex/amsmath/amstext.sty
Package: amstext 2000/06/29 v2.01 AMS text

(/usr/local/texlive/2019/texmf-dist/tex/latex/amsmath/amsgen.sty
File: amsgen.sty 1999/11/30 v2.0 generic functions
\@emptytoks=\toks16
\ex@=\dimen103
))
(/usr/local/texlive/2019/texmf-dist/tex/latex/amsmath/amsbsy.sty
Package: amsbsy 1999/11/29 v1.2d Bold Symbols
\pmbraise@=\dimen104
)
(/usr/local/texlive/2019/texmf-dist/tex/latex/amsmath/amsopn.sty
Package: amsopn 2016/03/08 v2.02 operator names
)
\inf@bad=\count88
LaTeX Info: Redefining \frac on input line 223.
\uproot@=\count89
\leftroot@=\count90
LaTeX Info: Redefining \overline on input line 385.
\classnum@=\count91
\DOTSCASE@=\count92
LaTeX Info: Redefining \ldots on input line 482.
LaTeX Info: Redefining \dots on input line 485.
LaTeX Info: Redefining \cdots on input line 606.
\Mathstrutbox@=\box27
\strutbox@=\box28
\big@size=\dimen105
LaTeX Font Info:    Redeclaring font encoding OML on input line 729.
LaTeX Font Info:    Redeclaring font encoding OMS on input line 730.
\macc@depth=\count93
\c@MaxMatrixCols=\count94
\dotsspace@=\muskip10
\c@parentequation=\count95
\dspbrk@lvl=\count96
\tag@help=\toks17
\row@=\count97
\column@=\count98
\maxfields@=\count99
\andhelp@=\toks18
\eqnshift@=\dimen106
\alignsep@=\dimen107
\tagshift@=\dimen108
\tagwidth@=\dimen109
\totwidth@=\dimen110
\lineht@=\dimen111
\@envbody=\toks19
\multlinegap=\skip44
\multlinetaggap=\skip45
\mathdisplay@stack=\toks20
LaTeX Info: Redefining \[ on input line 2844.
LaTeX Info: Redefining \] on input line 2845.
)
(/usr/local/texlive/2019/texmf-dist/tex/latex/amsfonts/amsfonts.sty
Package: amsfonts 2013/01/14 v3.01 Basic AMSFonts support
\symAMSa=\mathgroup4
\symAMSb=\mathgroup5
LaTeX Font Info:    Overwriting math alphabet `\mathfrak' in version `bold'
(Font)                  U/euf/m/n --> U/euf/b/n on input line 106.
)
(/usr/local/texlive/2019/texmf-dist/tex/latex/amsfonts/amssymb.sty
Package: amssymb 2013/01/14 v3.01 AMS font symbols
)
(/usr/local/texlive/2019/texmf-dist/tex/latex/titling/titling.sty
Package: titling 2009/09/04 v2.1d maketitle typesetting
\thanksmarkwidth=\skip46
\thanksmargin=\skip47
\droptitle=\skip48
)
(/usr/local/texlive/2019/texmf-dist/tex/latex/amscls/amsthm.sty
Package: amsthm 2017/10/31 v2.20.4
\thm@style=\toks21
\thm@bodyfont=\toks22
\thm@headfont=\toks23
\thm@notefont=\toks24
\thm@headpunct=\toks25
\thm@preskip=\skip49
\thm@postskip=\skip50
\thm@headsep=\skip51
\dth@everypar=\toks26
)
(/usr/local/texlive/2019/texmf-dist/tex/latex/jknapltx/mathrsfs.sty
Package: mathrsfs 1996/01/01 Math RSFS package v1.0 (jk)
\symrsfs=\mathgroup6
)
(/usr/local/texlive/2019/texmf-dist/tex/latex/adjustbox/adjustbox.sty
Package: adjustbox 2019/01/04 v1.2 Adjusting TeX boxes (trim, clip, ...)

(/usr/local/texlive/2019/texmf-dist/tex/latex/xkeyval/xkeyval.sty
Package: xkeyval 2014/12/03 v2.7a package option processing (HA)

(/usr/local/texlive/2019/texmf-dist/tex/generic/xkeyval/xkeyval.tex
(/usr/local/texlive/2019/texmf-dist/tex/generic/xkeyval/xkvutils.tex
\XKV@toks=\toks27
\XKV@tempa@toks=\toks28

(/usr/local/texlive/2019/texmf-dist/tex/generic/xkeyval/keyval.tex))
\XKV@depth=\count100
File: xkeyval.tex 2014/12/03 v2.7a key=value parser (HA)
))
(/usr/local/texlive/2019/texmf-dist/tex/latex/adjustbox/adjcalc.sty
Package: adjcalc 2012/05/16 v1.1 Provides advanced setlength with multiple back
-ends (calc, etex, pgfmath)
)
(/usr/local/texlive/2019/texmf-dist/tex/latex/adjustbox/trimclip.sty
Package: trimclip 2018/04/08 v1.1 Trim and clip general TeX material

(/usr/local/texlive/2019/texmf-dist/tex/latex/graphics/graphicx.sty
Package: graphicx 2017/06/01 v1.1a Enhanced LaTeX Graphics (DPC,SPQR)

(/usr/local/texlive/2019/texmf-dist/tex/latex/graphics/graphics.sty
Package: graphics 2017/06/25 v1.2c Standard LaTeX Graphics (DPC,SPQR)

(/usr/local/texlive/2019/texmf-dist/tex/latex/graphics/trig.sty
Package: trig 2016/01/03 v1.10 sin cos tan (DPC)
)
(/usr/local/texlive/2019/texmf-dist/tex/latex/graphics-cfg/graphics.cfg
File: graphics.cfg 2016/06/04 v1.11 sample graphics configuration
)
Package graphics Info: Driver file: pdftex.def on input line 99.

(/usr/local/texlive/2019/texmf-dist/tex/latex/graphics-def/pdftex.def
File: pdftex.def 2018/01/08 v1.0l Graphics/color driver for pdftex
))
\Gin@req@height=\dimen112
\Gin@req@width=\dimen113
)
(/usr/local/texlive/2019/texmf-dist/tex/latex/collectbox/collectbox.sty
Package: collectbox 2012/05/17 v0.4b Collect macro arguments as boxes
\collectedbox=\box29
)
\tc@llx=\dimen114
\tc@lly=\dimen115
\tc@urx=\dimen116
\tc@ury=\dimen117
Package trimclip Info: Using driver 'tc-pdftex.def'.

(/usr/local/texlive/2019/texmf-dist/tex/latex/adjustbox/tc-pdftex.def
File: tc-pdftex.def 2019/01/04 v2.2 Clipping driver for pdftex
))
\adjbox@Width=\dimen118
\adjbox@Height=\dimen119
\adjbox@Depth=\dimen120
\adjbox@Totalheight=\dimen121
\adjbox@pwidth=\dimen122
\adjbox@pheight=\dimen123
\adjbox@pdepth=\dimen124
\adjbox@ptotalheight=\dimen125

(/usr/local/texlive/2019/texmf-dist/tex/latex/ifoddpage/ifoddpage.sty
Package: ifoddpage 2016/04/23 v1.1 Conditionals for odd/even page detection
\c@checkoddpage=\count101
)
(/usr/local/texlive/2019/texmf-dist/tex/latex/varwidth/varwidth.sty
Package: varwidth 2009/03/30 ver 0.92;  Variable-width minipages
\@vwid@box=\box30
\sift@deathcycles=\count102
\@vwid@loff=\dimen126
\@vwid@roff=\dimen127
))
(/usr/local/texlive/2019/texmf-dist/tex/latex/float/float.sty
Package: float 2001/11/08 v1.3d Float enhancements (AL)
\c@float@type=\count103
\float@exts=\toks29
\float@box=\box31
\@float@everytoks=\toks30
\@floatcapt=\box32
)
(./Credit card approval.aux)
\openout1 = `"Credit card approval.aux"'.

LaTeX Font Info:    Checking defaults for OML/cmm/m/it on input line 21.
LaTeX Font Info:    ... okay on input line 21.
LaTeX Font Info:    Checking defaults for T1/cmr/m/n on input line 21.
LaTeX Font Info:    ... okay on input line 21.
LaTeX Font Info:    Checking defaults for OT1/cmr/m/n on input line 21.
LaTeX Font Info:    ... okay on input line 21.
LaTeX Font Info:    Checking defaults for OMS/cmsy/m/n on input line 21.
LaTeX Font Info:    ... okay on input line 21.
LaTeX Font Info:    Checking defaults for OMX/cmex/m/n on input line 21.
LaTeX Font Info:    ... okay on input line 21.
LaTeX Font Info:    Checking defaults for U/cmr/m/n on input line 21.
LaTeX Font Info:    ... okay on input line 21.

(/usr/local/texlive/2019/texmf-dist/tex/context/base/mkii/supp-pdf.mkii
[Loading MPS to PDF converter (version 2006.09.02).]
\scratchcounter=\count104
\scratchdimen=\dimen128
\scratchbox=\box33
\nofMPsegments=\count105
\nofMParguments=\count106
\everyMPshowfont=\toks31
\MPscratchCnt=\count107
\MPscratchDim=\dimen129
\MPnumerator=\count108
\makeMPintoPDFobject=\count109
\everyMPtoPDFconversion=\toks32
) (/usr/local/texlive/2019/texmf-dist/tex/latex/oberdiek/epstopdf-base.sty
Package: epstopdf-base 2016/05/15 v2.6 Base part for package epstopdf

(/usr/local/texlive/2019/texmf-dist/tex/generic/oberdiek/infwarerr.sty
Package: infwarerr 2016/05/16 v1.4 Providing info/warning/error messages (HO)
)
(/usr/local/texlive/2019/texmf-dist/tex/latex/oberdiek/grfext.sty
Package: grfext 2016/05/16 v1.2 Manage graphics extensions (HO)

(/usr/local/texlive/2019/texmf-dist/tex/generic/oberdiek/kvdefinekeys.sty
Package: kvdefinekeys 2016/05/16 v1.4 Define keys (HO)

(/usr/local/texlive/2019/texmf-dist/tex/generic/oberdiek/ltxcmds.sty
Package: ltxcmds 2016/05/16 v1.23 LaTeX kernel commands for general use (HO)
)))
(/usr/local/texlive/2019/texmf-dist/tex/latex/oberdiek/kvoptions.sty
Package: kvoptions 2016/05/16 v3.12 Key value format for package options (HO)

(/usr/local/texlive/2019/texmf-dist/tex/generic/oberdiek/kvsetkeys.sty
Package: kvsetkeys 2016/05/16 v1.17 Key value parser (HO)

(/usr/local/texlive/2019/texmf-dist/tex/generic/oberdiek/etexcmds.sty
Package: etexcmds 2016/05/16 v1.6 Avoid name clashes with e-TeX commands (HO)

(/usr/local/texlive/2019/texmf-dist/tex/generic/oberdiek/ifluatex.sty
Package: ifluatex 2016/05/16 v1.4 Provides the ifluatex switch (HO)
Package ifluatex Info: LuaTeX not detected.
))))
(/usr/local/texlive/2019/texmf-dist/tex/generic/oberdiek/pdftexcmds.sty
Package: pdftexcmds 2018/09/10 v0.29 Utility functions of pdfTeX for LuaTeX (HO
)

(/usr/local/texlive/2019/texmf-dist/tex/generic/oberdiek/ifpdf.sty
Package: ifpdf 2018/09/07 v3.3 Provides the ifpdf switch
)
Package pdftexcmds Info: LuaTeX not detected.
Package pdftexcmds Info: \pdf@primitive is available.
Package pdftexcmds Info: \pdf@ifprimitive is available.
Package pdftexcmds Info: \pdfdraftmode found.
)
Package epstopdf-base Info: Redefining graphics rule for `.eps' on input line 4
38.
Package grfext Info: Graphics extension search list:
(grfext)             [.pdf,.png,.jpg,.mps,.jpeg,.jbig2,.jb2,.PDF,.PNG,.JPG,.JPE
G,.JBIG2,.JB2,.eps]
(grfext)             \AppendGraphicsExtensions on input line 456.

(/usr/local/texlive/2019/texmf-dist/tex/latex/latexconfig/epstopdf-sys.cfg
File: epstopdf-sys.cfg 2010/07/13 v1.3 Configuration of (r)epstopdf for TeX Liv
e
))
LaTeX Font Info:    Try loading font information for U+msa on input line 22.

(/usr/local/texlive/2019/texmf-dist/tex/latex/amsfonts/umsa.fd
File: umsa.fd 2013/01/14 v3.01 AMS symbols A
)
LaTeX Font Info:    Try loading font information for U+msb on input line 22.

(/usr/local/texlive/2019/texmf-dist/tex/latex/amsfonts/umsb.fd
File: umsb.fd 2013/01/14 v3.01 AMS symbols B
)
LaTeX Font Info:    Try loading font information for U+rsfs on input line 22.

(/usr/local/texlive/2019/texmf-dist/tex/latex/jknapltx/ursfs.fd
File: ursfs.fd 1998/03/24 rsfs font definition file (jk)
)
Overfull \hbox (29.07898pt too wide) in paragraph at lines 27--28
\OT1/cmr/m/n/12 The data was taken from kag-gle datasets https://www.kaggle.com
/dansbecker/aer-
 []

<~/Desktop/flashcard_/flashcard/usa/consulting/credit_card/summary.png, id=1, 7
26.715pt x 210.7875pt>
File: ~/Desktop/flashcard_/flashcard/usa/consulting/credit_card/summary.png Gra
phic file (type png)
<use ~/Desktop/flashcard_/flashcard/usa/consulting/credit_card/summary.png>
Package pdftex.def Info: ~/Desktop/flashcard_/flashcard/usa/consulting/credit_c
ard/summary.png  used on input line 60.
(pdftex.def)             Requested size: 436.03235pt x 126.47346pt.

Overfull \hbox (42.373pt too wide) in paragraph at lines 64--65
[]\OT1/cmr/m/n/12 Correlation ma-trix for nu-mer-i-cal fea-tures is pre-sented 
be-low. Features$\OML/cmm/m/it/12 expenditure$
 []

<~/Desktop/flashcard_/flashcard/usa/consulting/credit_card/corr.png, id=3, 722.
7pt x 299.1175pt>
File: ~/Desktop/flashcard_/flashcard/usa/consulting/credit_card/corr.png Graphi
c file (type png)
<use ~/Desktop/flashcard_/flashcard/usa/consulting/credit_card/corr.png>
Package pdftex.def Info: ~/Desktop/flashcard_/flashcard/usa/consulting/credit_c
ard/corr.png  used on input line 67.
(pdftex.def)             Requested size: 433.62334pt x 179.47188pt.
[1

{/usr/local/texlive/2019/texmf-var/fonts/map/pdftex/updmap/pdftex.map} </Users/
macpro/Desktop/flashcard_/flashcard/usa/consulting/credit_card/summary.png>]
<~/Desktop/flashcard_/flashcard/usa/consulting/credit_card/share_plot.png, id=1
4, 662.475pt x 459.7175pt>
File: ~/Desktop/flashcard_/flashcard/usa/consulting/credit_card/share_plot.png 
Graphic file (type png)
<use ~/Desktop/flashcard_/flashcard/usa/consulting/credit_card/share_plot.png>
Package pdftex.def Info: ~/Desktop/flashcard_/flashcard/usa/consulting/credit_c
ard/share_plot.png  used on input line 75.
(pdftex.def)             Requested size: 397.48807pt x 275.83263pt.
<~/Desktop/flashcard_/flashcard/usa/consulting/credit_card/expend_plot.png, id=
15, 662.475pt x 459.7175pt>
File: ~/Desktop/flashcard_/flashcard/usa/consulting/credit_card/expend_plot.png
 Graphic file (type png)
<use ~/Desktop/flashcard_/flashcard/usa/consulting/credit_card/expend_plot.png>

Package pdftex.def Info: ~/Desktop/flashcard_/flashcard/usa/consulting/credit_c
ard/expend_plot.png  used on input line 82.
(pdftex.def)             Requested size: 397.48807pt x 275.83263pt.

[2 </Users/macpro/Desktop/flashcard_/flashcard/usa/consulting/credit_card/corr.
png> </Users/macpro/Desktop/flashcard_/flashcard/usa/consulting/credit_card/sha
re_plot.png>]
<~/Desktop/flashcard_/flashcard/usa/consulting/credit_card/table_card_exp.png, 
id=21, 94.3525pt x 49.18375pt>
File: ~/Desktop/flashcard_/flashcard/usa/consulting/credit_card/table_card_exp.
png Graphic file (type png)
<use ~/Desktop/flashcard_/flashcard/usa/consulting/credit_card/table_card_exp.p
ng>
Package pdftex.def Info: ~/Desktop/flashcard_/flashcard/usa/consulting/credit_c
ard/table_card_exp.png  used on input line 89.
(pdftex.def)             Requested size: 84.91644pt x 44.26494pt.
 [3 </Users/macpro/Desktop/flashcard_/flashcard/usa/consulting/credit_card/expe
nd_plot.png> </Users/macpro/Desktop/flashcard_/flashcard/usa/consulting/credit_
card/table_card_exp.png>]
<~/Desktop/flashcard_/flashcard/usa/consulting/credit_card/logistic_full.png, i
d=27, 411.5375pt x 370.38374pt>
File: ~/Desktop/flashcard_/flashcard/usa/consulting/credit_card/logistic_full.p
ng Graphic file (type png)
<use ~/Desktop/flashcard_/flashcard/usa/consulting/credit_card/logistic_full.pn
g>
Package pdftex.def Info: ~/Desktop/flashcard_/flashcard/usa/consulting/credit_c
ard/logistic_full.png  used on input line 109.
(pdftex.def)             Requested size: 370.38033pt x 333.34227pt.
<~/Desktop/flashcard_/flashcard/usa/consulting/credit_card/model_selection.png,
 id=28, 670.505pt x 365.365pt>
File: ~/Desktop/flashcard_/flashcard/usa/consulting/credit_card/model_selection
.png Graphic file (type png)
<use ~/Desktop/flashcard_/flashcard/usa/consulting/credit_card/model_selection.
png>
Package pdftex.def Info: ~/Desktop/flashcard_/flashcard/usa/consulting/credit_c
ard/model_selection.png  used on input line 116.
(pdftex.def)             Requested size: 469.35031pt x 255.75375pt.
 [4 </Users/macpro/Desktop/flashcard_/flashcard/usa/consulting/credit_card/logi
stic_full.png>]
<~/Desktop/flashcard_/flashcard/usa/consulting/credit_card/Lasso.png, id=33, 15
3.57375pt x 169.63374pt>
File: ~/Desktop/flashcard_/flashcard/usa/consulting/credit_card/Lasso.png Graph
ic file (type png)
<use ~/Desktop/flashcard_/flashcard/usa/consulting/credit_card/Lasso.png>
Package pdftex.def Info: ~/Desktop/flashcard_/flashcard/usa/consulting/credit_c
ard/Lasso.png  used on input line 123.
(pdftex.def)             Requested size: 107.50089pt x 118.7428pt.
<~/Desktop/flashcard_/flashcard/usa/consulting/credit_card/conf_matrix.png, id=
34, 284.06125pt x 169.63374pt>
File: ~/Desktop/flashcard_/flashcard/usa/consulting/credit_card/conf_matrix.png
 Graphic file (type png)
<use ~/Desktop/flashcard_/flashcard/usa/consulting/credit_card/conf_matrix.png>

Package pdftex.def Info: ~/Desktop/flashcard_/flashcard/usa/consulting/credit_c
ard/conf_matrix.png  used on input line 131.
(pdftex.def)             Requested size: 255.65274pt x 152.66895pt.
 [5 </Users/macpro/Desktop/flashcard_/flashcard/usa/consulting/credit_card/mode
l_selection.png> </Users/macpro/Desktop/flashcard_/flashcard/usa/consulting/cre
dit_card/Lasso.png>]
<~/Desktop/flashcard_/flashcard/usa/consulting/credit_card/ROC.png, id=40, 662.
475pt x 421.575pt>
File: ~/Desktop/flashcard_/flashcard/usa/consulting/credit_card/ROC.png Graphic
 file (type png)
<use ~/Desktop/flashcard_/flashcard/usa/consulting/credit_card/ROC.png>
Package pdftex.def Info: ~/Desktop/flashcard_/flashcard/usa/consulting/credit_c
ard/ROC.png  used on input line 136.
(pdftex.def)             Requested size: 397.48807pt x 252.94695pt.
<~/Desktop/flashcard_/flashcard/usa/consulting/credit_card/reports.png, id=41, 
662.475pt x 470.75874pt>
File: ~/Desktop/flashcard_/flashcard/usa/consulting/credit_card/reports.png Gra
phic file (type png)
<use ~/Desktop/flashcard_/flashcard/usa/consulting/credit_card/reports.png>
Package pdftex.def Info: ~/Desktop/flashcard_/flashcard/usa/consulting/credit_c
ard/reports.png  used on input line 147.
(pdftex.def)             Requested size: 397.48807pt x 282.45743pt.

[6 </Users/macpro/Desktop/flashcard_/flashcard/usa/consulting/credit_card/conf_
matrix.png> </Users/macpro/Desktop/flashcard_/flashcard/usa/consulting/credit_c
ard/ROC.png>]
<~/Desktop/flashcard_/flashcard/usa/consulting/credit_card/logistic_small.png, 
id=47, 410.53375pt x 355.3275pt>
File: ~/Desktop/flashcard_/flashcard/usa/consulting/credit_card/logistic_small.
png Graphic file (type png)
<use ~/Desktop/flashcard_/flashcard/usa/consulting/credit_card/logistic_small.p
ng>
Package pdftex.def Info: ~/Desktop/flashcard_/flashcard/usa/consulting/credit_c
ard/logistic_small.png  used on input line 155.
(pdftex.def)             Requested size: 369.47696pt x 319.79178pt.
 [7 </Users/macpro/Desktop/flashcard_/flashcard/usa/consulting/credit_card/repo
rts.png>]
<~/Desktop/flashcard_/flashcard/usa/consulting/credit_card/lasso_small.png, id=
53, 156.585pt x 167.62625pt>
File: ~/Desktop/flashcard_/flashcard/usa/consulting/credit_card/lasso_small.png
 Graphic file (type png)
<use ~/Desktop/flashcard_/flashcard/usa/consulting/credit_card/lasso_small.png>

Package pdftex.def Info: ~/Desktop/flashcard_/flashcard/usa/consulting/credit_c
ard/lasso_small.png  used on input line 160.
(pdftex.def)             Requested size: 140.92519pt x 150.86221pt.

Overfull \hbox (8.83353pt too wide) in paragraph at lines 168--169
\OT1/cmr/m/n/12 cord-ing to the tree, card ap-proval is fully de-ter-mined by 2
 vari-ables $\OML/cmm/m/it/12 expenditure$
 []

[8 </Users/macpro/Desktop/flashcard_/flashcard/usa/consulting/credit_card/logis
tic_small.png> </Users/macpro/Desktop/flashcard_/flashcard/usa/consulting/credi
t_card/lasso_small.png>]
<~/Desktop/flashcard_/flashcard/usa/consulting/credit_card/tree_full.png, id=59
, 662.475pt x 470.75874pt>
File: ~/Desktop/flashcard_/flashcard/usa/consulting/credit_card/tree_full.png G
raphic file (type png)
<use ~/Desktop/flashcard_/flashcard/usa/consulting/credit_card/tree_full.png>
Package pdftex.def Info: ~/Desktop/flashcard_/flashcard/usa/consulting/credit_c
ard/tree_full.png  used on input line 172.
(pdftex.def)             Requested size: 397.48807pt x 282.45743pt.
<~/Desktop/flashcard_/flashcard/usa/consulting/credit_card/train_tree.png, id=6
0, 122.4575pt x 59.22125pt>
File: ~/Desktop/flashcard_/flashcard/usa/consulting/credit_card/train_tree.png 
Graphic file (type png)
<use ~/Desktop/flashcard_/flashcard/usa/consulting/credit_card/train_tree.png>
Package pdftex.def Info: ~/Desktop/flashcard_/flashcard/usa/consulting/credit_c
ard/train_tree.png  used on input line 179.
(pdftex.def)             Requested size: 110.21071pt x 53.29861pt.
 [9 </Users/macpro/Desktop/flashcard_/flashcard/usa/consulting/credit_card/tree
_full.png> </Users/macpro/Desktop/flashcard_/flashcard/usa/consulting/credit_ca
rd/train_tree.png>]
<~/Desktop/flashcard_/flashcard/usa/consulting/credit_card/tree_reduced.png, id
=66, 662.475pt x 470.75874pt>
File: ~/Desktop/flashcard_/flashcard/usa/consulting/credit_card/tree_reduced.pn
g Graphic file (type png)
<use ~/Desktop/flashcard_/flashcard/usa/consulting/credit_card/tree_reduced.png
>
Package pdftex.def Info: ~/Desktop/flashcard_/flashcard/usa/consulting/credit_c
ard/tree_reduced.png  used on input line 190.
(pdftex.def)             Requested size: 397.48807pt x 282.45743pt.
 [10 </Users/macpro/Desktop/flashcard_/flashcard/usa/consulting/credit_card/tre
e_reduced.png>] [11]
(./Credit card approval.aux) ) 
Here is how much of TeX's memory you used:
 3648 strings out of 492616
 56331 string characters out of 6129482
 117096 words of memory out of 5000000
 7467 multiletter control sequences out of 15000+600000
 12787 words of font info for 52 fonts, out of 8000000 for 9000
 1141 hyphenation exceptions out of 8191
 41i,8n,37p,526b,298s stack positions out of 5000i,500n,10000p,200000b,80000s
</usr/local/texlive/2019/texmf-dist/fonts/type1/p
ublic/amsfonts/cm/cmbx12.pfb></usr/local/texlive/2019/texmf-dist/fonts/type1/pu
blic/amsfonts/cm/cmmi12.pfb></usr/local/texlive/2019/texmf-dist/fonts/type1/pub
lic/amsfonts/cm/cmr12.pfb></usr/local/texlive/2019/texmf-dist/fonts/type1/publi
c/amsfonts/cm/cmr17.pfb>
Output written on "Credit card approval.pdf" (11 pages, 799954 bytes).
PDF statistics:
 89 PDF objects out of 1000 (max. 8388607)
 39 compressed objects within 1 object stream
 0 named destinations out of 1000 (max. 500000)
 81 words of extra memory for PDF output out of 10000 (max. 10000000)

